#
# A fatal error has been detected by the Java Runtime Environment:
#
#  EXCEPTION_ACCESS_VIOLATION (0xc0000005) at pc=0x000000006647a070, pid=15644, tid=0x0000000000003df4
#
# JRE version: OpenJDK Runtime Environment (8.0_112-b06) (build 1.8.0_112-release-b06)
# Java VM: OpenJDK 64-Bit Server VM (25.112-b06 mixed mode windows-amd64 compressed oops)
# Problematic frame:
# V  [jvm.dll+0x8a070]
#
# Failed to write core dump. Minidumps are not enabled by default on client versions of Windows
#
# If you would like to submit a bug report, please visit:
#   http://bugreport.java.com/bugreport/crash.jsp
#

---------------  T H R E A D  ---------------

Current thread (0x00000000029bf000):  GCTaskThread [stack: 0x0000000012880000,0x0000000012980000] [id=15860]

siginfo: ExceptionCode=0xc0000005, reading address 0x0000000000000050

Registers:
RAX=0x0000000000000000, RBX=0x00000000fe7e4e98, RCX=0x00000000fe7e4e98, RDX=0x0000000000000048
RSP=0x000000001297f748, RBP=0x000000001297f910, RSI=0x0000000016883a40, RDI=0x0000000016883a40
R8 =0x0000000016883a40, R9 =0x0000000000000007, R10=0x0000000000000008, R11=0x00000000fbf3f728
R12=0x0000000066a02748, R13=0xfe7d3a20fdb1e820, R14=0x0000000000000000, R15=0x00000000029bf2b0
RIP=0x000000006647a070, EFLAGS=0x0000000000010206

Top of Stack: (sp=0x000000001297f748)
0x000000001297f748:   00000000667bac22 00000000fe3e4e88
0x000000001297f758:   0000000000000002 0000000016883a40
0x000000001297f768:   00000000664e4795 00000000fbf37738
0x000000001297f778:   0000000000001000 0000000016883a40
0x000000001297f788:   00000000664dee60 0000000000000000
0x000000001297f798:   00000000029acf00 0000000066a02748
0x000000001297f7a8:   00000000667baf90 00000000fbf3ec0c
0x000000001297f7b8:   000000001297f910 0000000016883a40
0x000000001297f7c8:   0000000016883a40 00000000fbf3ec0c
0x000000001297f7d8:   00000000667bbb35 00000000fe33d280
0x000000001297f7e8:   000000001297f910 0000000016883a40
0x000000001297f7f8:   00000000667be412 000000010075a570
0x000000001297f808:   0000000000000000 000000001297f8e0
0x000000001297f818:   000000001297f8f0 00000000029b9620
0x000000001297f828:   00000000667bdab0 000000001297f8e0
0x000000001297f838:   0000000000000000 000000001297f8e0 

Instructions: (pc=0x000000006647a070)
0x000000006647a050:   1c 42 1d 00 48 8b 9c 24 c0 00 00 00 48 81 c4 b0
0x000000006647a060:   00 00 00 5d c3 cc cc cc cc cc cc cc cc cc cc cc
0x000000006647a070:   44 8b 42 08 4c 8b ca 45 85 c0 7e 0e 41 f6 c0 01
0x000000006647a080:   75 57 41 c1 f8 03 41 8b c0 c3 79 4d 80 3d de d7 


Register to memory mapping:

RAX=0x0000000000000000 is an unknown value
RBX=0x00000000fe7e4e98 is an oop

[error occurred during error reporting (printing register info), id 0xc0000005]

Stack: [0x0000000012880000,0x0000000012980000],  sp=0x000000001297f748,  free space=1021k
Native frames: (J=compiled Java code, j=interpreted, Vv=VM code, C=native code)
V  [jvm.dll+0x8a070]


---------------  P R O C E S S  ---------------

Java Threads: ( => current thread )
  0x000000001a6ae800 JavaThread "pool-86-thread-4" [_thread_blocked, id=15628, stack(0x0000000039780000,0x0000000039880000)]
  0x000000001a6b4800 JavaThread "pool-86-thread-3" [_thread_blocked, id=3376, stack(0x0000000039680000,0x0000000039780000)]
  0x000000001a6af800 JavaThread "pool-86-thread-2" [_thread_blocked, id=1388, stack(0x0000000039580000,0x0000000039680000)]
  0x000000001a6b2800 JavaThread "pool-87-thread-1" [_thread_blocked, id=10964, stack(0x0000000039480000,0x0000000039580000)]
  0x000000001a6a6000 JavaThread "pool-86-thread-1" [_thread_blocked, id=2856, stack(0x0000000039380000,0x0000000039480000)]
  0x000000001a6ad000 JavaThread "pool-84-thread-1" [_thread_blocked, id=19768, stack(0x0000000039280000,0x0000000039380000)]
  0x000000001a6aa800 JavaThread "Cache update executor" [_thread_blocked, id=20040, stack(0x0000000039180000,0x0000000039280000)]
  0x000000001a6ab800 JavaThread "Stdin handler" [_thread_blocked, id=18400, stack(0x0000000039080000,0x0000000039180000)]
  0x000000001a6a7000 JavaThread "Asynchronous log dispatcher for DefaultDaemonConnection: socket connection from /127.0.0.1:7634 to /127.0.0.1:9735" [_thread_blocked, id=19772, stack(0x0000000038f80000,0x0000000039080000)]
  0x000000001a6a5800 JavaThread "Daemon worker Thread 5" [_thread_blocked, id=7876, stack(0x0000000038e80000,0x0000000038f80000)]
  0x000000001a6a8800 JavaThread "Cancel handler" [_thread_blocked, id=19796, stack(0x0000000038d80000,0x0000000038e80000)]
  0x000000001a6ac800 JavaThread "Handler for socket connection from /127.0.0.1:7634 to /127.0.0.1:9735" [_thread_in_native, id=18528, stack(0x0000000038c80000,0x0000000038d80000)]
  0x000000001a6aa000 JavaThread "Daemon Thread 5" [_thread_blocked, id=18464, stack(0x0000000038b80000,0x0000000038c80000)]
  0x00000000209d4000 JavaThread "pool-24-thread-4" [_thread_blocked, id=18724, stack(0x0000000030380000,0x0000000030480000)]
  0x00000000209d3800 JavaThread "pool-24-thread-3" [_thread_blocked, id=18716, stack(0x0000000030180000,0x0000000030280000)]
  0x00000000209d2800 JavaThread "pool-24-thread-2" [_thread_blocked, id=18712, stack(0x0000000030080000,0x0000000030180000)]
  0x00000000209d2000 JavaThread "pool-24-thread-1" [_thread_blocked, id=18708, stack(0x000000002ff80000,0x0000000030080000)]
  0x000000001af27800 JavaThread "File lock request listener" [_thread_in_native, id=1568, stack(0x000000001d360000,0x000000001d460000)]
  0x000000001a5c0800 JavaThread "pool-1-thread-1" [_thread_blocked, id=16456, stack(0x000000001cb60000,0x000000001cc60000)]
  0x000000001a5e5800 JavaThread "Incoming local TCP Connector on port 7634" [_thread_in_native, id=9316, stack(0x000000001bd00000,0x000000001be00000)]
  0x000000001881d800 JavaThread "Service Thread" daemon [_thread_blocked, id=16180, stack(0x0000000019360000,0x0000000019460000)]
  0x0000000018791000 JavaThread "C1 CompilerThread3" daemon [_thread_blocked, id=16328, stack(0x0000000019260000,0x0000000019360000)]
  0x000000001878a800 JavaThread "C2 CompilerThread2" daemon [_thread_blocked, id=15932, stack(0x0000000019160000,0x0000000019260000)]
  0x0000000018789800 JavaThread "C2 CompilerThread1" daemon [_thread_blocked, id=15620, stack(0x0000000019060000,0x0000000019160000)]
  0x0000000018787800 JavaThread "C2 CompilerThread0" daemon [_thread_blocked, id=15816, stack(0x0000000018f60000,0x0000000019060000)]
  0x0000000018796800 JavaThread "Attach Listener" daemon [_thread_blocked, id=16256, stack(0x0000000018e60000,0x0000000018f60000)]
  0x0000000018795800 JavaThread "Signal Dispatcher" daemon [_thread_blocked, id=16028, stack(0x0000000018d60000,0x0000000018e60000)]
  0x0000000016891800 JavaThread "Finalizer" daemon [_thread_blocked, id=16044, stack(0x0000000018b60000,0x0000000018c60000)]
  0x0000000002a98000 JavaThread "Reference Handler" daemon [_thread_blocked, id=17192, stack(0x0000000018660000,0x0000000018760000)]
  0x00000000029a0800 JavaThread "main" [_thread_blocked, id=16840, stack(0x00000000028a0000,0x00000000029a0000)]

Other Threads:
  0x0000000016885800 VMThread [stack: 0x0000000018560000,0x0000000018660000] [id=15568]
  0x000000001881e000 WatcherThread [stack: 0x0000000019460000,0x0000000019560000] [id=12508]

=>0x00000000029bf000 (exited) GCTaskThread [stack: 0x0000000012880000,0x0000000012980000] [id=15860]

VM state:at safepoint (normal execution)

VM Mutex/Monitor currently owned by a thread:  ([mutex/lock_event])
[0x000000000110c170] Threads_lock - owner thread: 0x0000000016885800
[0x000000000110c4f0] Heap_lock - owner thread: 0x000000001a6ae800

Heap:
 PSYoungGen      total 464384K, used 461128K [0x00000000e0000000, 0x00000000ff480000, 0x0000000100000000)
  eden space 437760K, 100% used [0x00000000e0000000,0x00000000fab80000,0x00000000fab80000)
  from space 26624K, 87% used [0x00000000fda80000,0x00000000ff1523d0,0x00000000ff480000)
  to   space 37376K, 77% used [0x00000000fab80000,0x00000000fc7f2388,0x00000000fd000000)
 ParOldGen       total 284672K, used 44104K [0x00000000a0000000, 0x00000000b1600000, 0x00000000e0000000)
  object space 284672K, 15% used [0x00000000a0000000,0x00000000a2b12328,0x00000000b1600000)
 Metaspace       used 76580K, capacity 80733K, committed 80896K, reserved 1120256K
  class space    used 9747K, capacity 10438K, committed 10496K, reserved 1048576K

Card table byte_map: [0x0000000011e70000,0x0000000012180000] byte_map_base: 0x0000000011970000

Marking Bits: (ParMarkBitMap*) 0x0000000066bb18f0
 Begin Bits: [0x0000000012b80000, 0x0000000014380000)
 End Bits:   [0x0000000014380000, 0x0000000015b80000)

Polling page: 0x0000000001110000

CodeCache: size=245760Kb used=52556Kb max_used=52556Kb free=193203Kb
 bounds [0x0000000002ab0000, 0x0000000005e50000, 0x0000000011ab0000]
 total_blobs=15488 nmethods=14690 adapters=710
 compilation: enabled

Compilation events (10 events):
Event: 3298.581 Thread 0x0000000018791000 nmethod 18546 0x0000000005e34210 code [0x0000000005e34360, 0x0000000005e34470]
Event: 3298.582 Thread 0x0000000018791000 18548       2       com.android.dx.ssa.SCCP::replaceBranches (142 bytes)
Event: 3298.583 Thread 0x0000000018791000 nmethod 18548 0x0000000005e33450 code [0x0000000005e33640, 0x0000000005e33c68]
Event: 3298.583 Thread 0x0000000018791000 18549       2       com.android.dx.dex.cf.CfTranslator::translate0 (265 bytes)
Event: 3298.583 Thread 0x0000000018789800 nmethod 18465 0x0000000005e30310 code [0x0000000005e30460, 0x0000000005e305d8]
Event: 3298.583 Thread 0x0000000018789800 18449       4       com.android.dx.cf.code.ByteCatchList::toTargetList (114 bytes)
Event: 3298.585 Thread 0x0000000018791000 nmethod 18549 0x0000000005e2dd10 code [0x0000000005e2e000, 0x0000000005e2edd8]
Event: 3298.585 Thread 0x0000000018791000 18550       3       com.android.dx.ssa.SCCP::run (298 bytes)
Event: 3298.587 Thread 0x0000000018791000 nmethod 18550 0x0000000005e3fd10 code [0x0000000005e400e0, 0x0000000005e42928]
Event: 3298.587 Thread 0x0000000018791000 18555   !   2       com.android.dx.cf.code.BytecodeArray::parseInstruction (2764 bytes)

GC Heap History (10 events):
Event: 27.949 GC heap after
Heap after GC invocations=11 (full 3):
 PSYoungGen      total 485888K, used 27283K [0x00000000e0000000, 0x0000000100000000, 0x0000000100000000)
  eden space 451584K, 0% used [0x00000000e0000000,0x00000000e0000000,0x00000000fb900000)
  from space 34304K, 79% used [0x00000000fde80000,0x00000000ff924ea0,0x0000000100000000)
  to   space 36352K, 0% used [0x00000000fb900000,0x00000000fb900000,0x00000000fdc80000)
 ParOldGen       total 284672K, used 44056K [0x00000000a0000000, 0x00000000b1600000, 0x00000000e0000000)
  object space 284672K, 15% used [0x00000000a0000000,0x00000000a2b06328,0x00000000b1600000)
 Metaspace       used 61686K, capacity 64207K, committed 64256K, reserved 1105920K
  class space    used 8156K, capacity 8661K, committed 8704K, reserved 1048576K
}
Event: 1369.875 GC heap before
{Heap before GC invocations=12 (full 3):
 PSYoungGen      total 485888K, used 478867K [0x00000000e0000000, 0x0000000100000000, 0x0000000100000000)
  eden space 451584K, 100% used [0x00000000e0000000,0x00000000fb900000,0x00000000fb900000)
  from space 34304K, 79% used [0x00000000fde80000,0x00000000ff924ea0,0x0000000100000000)
  to   space 36352K, 0% used [0x00000000fb900000,0x00000000fb900000,0x00000000fdc80000)
 ParOldGen       total 284672K, used 44056K [0x00000000a0000000, 0x00000000b1600000, 0x00000000e0000000)
  object space 284672K, 15% used [0x00000000a0000000,0x00000000a2b06328,0x00000000b1600000)
 Metaspace       used 63622K, capacity 66635K, committed 66688K, reserved 1107968K
  class space    used 8286K, capacity 8831K, committed 8832K, reserved 1048576K
Event: 1370.012 GC heap after
Heap after GC invocations=12 (full 3):
 PSYoungGen      total 487936K, used 20565K [0x00000000e0000000, 0x0000000100000000, 0x0000000100000000)
  eden space 451584K, 0% used [0x00000000e0000000,0x00000000e0000000,0x00000000fb900000)
  from space 36352K, 56% used [0x00000000fb900000,0x00000000fcd154a0,0x00000000fdc80000)
  to   space 35328K, 0% used [0x00000000fdd80000,0x00000000fdd80000,0x0000000100000000)
 ParOldGen       total 284672K, used 44064K [0x00000000a0000000, 0x00000000b1600000, 0x00000000e0000000)
  object space 284672K, 15% used [0x00000000a0000000,0x00000000a2b08328,0x00000000b1600000)
 Metaspace       used 63622K, capacity 66635K, committed 66688K, reserved 1107968K
  class space    used 8286K, capacity 8831K, committed 8832K, reserved 1048576K
}
Event: 1389.078 GC heap before
{Heap before GC invocations=13 (full 3):
 PSYoungGen      total 487936K, used 472149K [0x00000000e0000000, 0x0000000100000000, 0x0000000100000000)
  eden space 451584K, 100% used [0x00000000e0000000,0x00000000fb900000,0x00000000fb900000)
  from space 36352K, 56% used [0x00000000fb900000,0x00000000fcd154a0,0x00000000fdc80000)
  to   space 35328K, 0% used [0x00000000fdd80000,0x00000000fdd80000,0x0000000100000000)
 ParOldGen       total 284672K, used 44064K [0x00000000a0000000, 0x00000000b1600000, 0x00000000e0000000)
  object space 284672K, 15% used [0x00000000a0000000,0x00000000a2b08328,0x00000000b1600000)
 Metaspace       used 69206K, capacity 72495K, committed 72576K, reserved 1112064K
  class space    used 8929K, capacity 9537K, committed 9600K, reserved 1048576K
Event: 1389.153 GC heap after
Heap after GC invocations=13 (full 3):
 PSYoungGen      total 486912K, used 24061K [0x00000000e0000000, 0x00000000fff00000, 0x0000000100000000)
  eden space 452608K, 0% used [0x00000000e0000000,0x00000000e0000000,0x00000000fba00000)
  from space 34304K, 70% used [0x00000000fdd80000,0x00000000ff4ff7b8,0x00000000fff00000)
  to   space 35328K, 0% used [0x00000000fba00000,0x00000000fba00000,0x00000000fdc80000)
 ParOldGen       total 284672K, used 44080K [0x00000000a0000000, 0x00000000b1600000, 0x00000000e0000000)
  object space 284672K, 15% used [0x00000000a0000000,0x00000000a2b0c328,0x00000000b1600000)
 Metaspace       used 69206K, capacity 72495K, committed 72576K, reserved 1112064K
  class space    used 8929K, capacity 9537K, committed 9600K, reserved 1048576K
}
Event: 2876.064 GC heap before
{Heap before GC invocations=14 (full 3):
 PSYoungGen      total 486912K, used 476111K [0x00000000e0000000, 0x00000000fff00000, 0x0000000100000000)
  eden space 452608K, 99% used [0x00000000e0000000,0x00000000fb974638,0x00000000fba00000)
  from space 34304K, 70% used [0x00000000fdd80000,0x00000000ff4ff7b8,0x00000000fff00000)
  to   space 35328K, 0% used [0x00000000fba00000,0x00000000fba00000,0x00000000fdc80000)
 ParOldGen       total 284672K, used 44080K [0x00000000a0000000, 0x00000000b1600000, 0x00000000e0000000)
  object space 284672K, 15% used [0x00000000a0000000,0x00000000a2b0c328,0x00000000b1600000)
 Metaspace       used 71040K, capacity 74773K, committed 74880K, reserved 1114112K
  class space    used 9171K, capacity 9810K, committed 9856K, reserved 1048576K
Event: 2876.244 GC heap after
Heap after GC invocations=14 (full 3):
 PSYoungGen      total 484864K, used 32240K [0x00000000e0000000, 0x0000000100000000, 0x0000000100000000)
  eden space 452608K, 0% used [0x00000000e0000000,0x00000000e0000000,0x00000000fba00000)
  from space 32256K, 99% used [0x00000000fba00000,0x00000000fd97c1d8,0x00000000fd980000)
  to   space 38400K, 0% used [0x00000000fda80000,0x00000000fda80000,0x0000000100000000)
 ParOldGen       total 284672K, used 44088K [0x00000000a0000000, 0x00000000b1600000, 0x00000000e0000000)
  object space 284672K, 15% used [0x00000000a0000000,0x00000000a2b0e328,0x00000000b1600000)
 Metaspace       used 71040K, capacity 74773K, committed 74880K, reserved 1114112K
  class space    used 9171K, capacity 9810K, committed 9856K, reserved 1048576K
}
Event: 2881.127 GC heap before
{Heap before GC invocations=15 (full 3):
 PSYoungGen      total 484864K, used 484171K [0x00000000e0000000, 0x0000000100000000, 0x0000000100000000)
  eden space 452608K, 99% used [0x00000000e0000000,0x00000000fb956d28,0x00000000fba00000)
  from space 32256K, 99% used [0x00000000fba00000,0x00000000fd97c1d8,0x00000000fd980000)
  to   space 38400K, 0% used [0x00000000fda80000,0x00000000fda80000,0x0000000100000000)
 ParOldGen       total 284672K, used 44088K [0x00000000a0000000, 0x00000000b1600000, 0x00000000e0000000)
  object space 284672K, 15% used [0x00000000a0000000,0x00000000a2b0e328,0x00000000b1600000)
 Metaspace       used 75815K, capacity 79763K, committed 80000K, reserved 1118208K
  class space    used 9664K, capacity 10351K, committed 10368K, reserved 1048576K
Event: 2881.159 GC heap after
Heap after GC invocations=15 (full 3):
 PSYoungGen      total 464384K, used 23368K [0x00000000e0000000, 0x00000000ff480000, 0x0000000100000000)
  eden space 437760K, 0% used [0x00000000e0000000,0x00000000e0000000,0x00000000fab80000)
  from space 26624K, 87% used [0x00000000fda80000,0x00000000ff1523d0,0x00000000ff480000)
  to   space 37376K, 0% used [0x00000000fab80000,0x00000000fab80000,0x00000000fd000000)
 ParOldGen       total 284672K, used 44096K [0x00000000a0000000, 0x00000000b1600000, 0x00000000e0000000)
  object space 284672K, 15% used [0x00000000a0000000,0x00000000a2b10328,0x00000000b1600000)
 Metaspace       used 75815K, capacity 79763K, committed 80000K, reserved 1118208K
  class space    used 9664K, capacity 10351K, committed 10368K, reserved 1048576K
}
Event: 3298.596 GC heap before
{Heap before GC invocations=16 (full 3):
 PSYoungGen      total 464384K, used 461128K [0x00000000e0000000, 0x00000000ff480000, 0x0000000100000000)
  eden space 437760K, 100% used [0x00000000e0000000,0x00000000fab80000,0x00000000fab80000)
  from space 26624K, 87% used [0x00000000fda80000,0x00000000ff1523d0,0x00000000ff480000)
  to   space 37376K, 0% used [0x00000000fab80000,0x00000000fab80000,0x00000000fd000000)
 ParOldGen       total 284672K, used 44096K [0x00000000a0000000, 0x00000000b1600000, 0x00000000e0000000)
  object space 284672K, 15% used [0x00000000a0000000,0x00000000a2b10328,0x00000000b1600000)
 Metaspace       used 76580K, capacity 80733K, committed 80896K, reserved 1120256K
  class space    used 9747K, capacity 10438K, committed 10496K, reserved 1048576K

Deoptimization events (10 events):
Event: 3296.434 Thread 0x000000001a6a5800 Uncommon trap: reason=class_check action=maybe_recompile pc=0x0000000002ca782c method=java.util.HashMap.removeNode(ILjava/lang/Object;Ljava/lang/Object;ZZ)Ljava/util/HashMap$Node; @ 143
Event: 3296.434 Thread 0x000000001a6a5800 Uncommon trap: reason=class_check action=maybe_recompile pc=0x0000000002ca782c method=java.util.HashMap.removeNode(ILjava/lang/Object;Ljava/lang/Object;ZZ)Ljava/util/HashMap$Node; @ 143
Event: 3296.480 Thread 0x000000001a6a5800 Uncommon trap: reason=unstable_if action=reinterpret pc=0x0000000003521e84 method=org.gradle.api.internal.file.pattern.PatternMatcherFactory$PathMatcherBackedSpec.isSatisfiedBy(Lorg/gradle/api/file/RelativePath;)Z @ 11
Event: 3296.484 Thread 0x000000001a6a5800 Uncommon trap: reason=unstable_if action=reinterpret pc=0x00000000052ca7d4 method=org.gradle.api.internal.file.collections.jdk7.Jdk7DirectoryWalker$1.visitFile(Ljava/nio/file/Path;Ljava/nio/file/attribute/BasicFileAttributes;)Ljava/nio/file/FileVisitResult‡/&Á©@
Event: 3296.575 Thread 0x000000001a6a5800 Uncommon trap: reason=unstable_if action=reinterpret pc=0x00000000055e819c method=com.sun.tools.javac.parser.JavaTokenizer.readToken()Lcom/sun/tools/javac/parser/Tokens$Token; @ 1248
Event: 3296.813 Thread 0x000000001a6a5800 Uncommon trap: reason=class_check action=maybe_recompile pc=0x0000000005644cf8 method=com.sun.tools.javac.comp.Check.checkType(Lcom/sun/tools/javac/util/JCDiagnostic$DiagnosticPosition;Lcom/sun/tools/javac/code/Type;Lcom/sun/tools/javac/code/Type;Lcom/sun/Ž1/ Á©@
Event: 3296.813 Thread 0x000000001a6a5800 Uncommon trap: reason=class_check action=maybe_recompile pc=0x0000000005644cf8 method=com.sun.tools.javac.comp.Check.checkType(Lcom/sun/tools/javac/util/JCDiagnostic$DiagnosticPosition;Lcom/sun/tools/javac/code/Type;Lcom/sun/tools/javac/code/Type;Lcom/sun/g 9 Á©@
Event: 3296.813 Thread 0x000000001a6a5800 Uncommon trap: reason=class_check action=maybe_recompile pc=0x0000000005644cf8 method=com.sun.tools.javac.comp.Check.checkType(Lcom/sun/tools/javac/util/JCDiagnostic$DiagnosticPosition;Lcom/sun/tools/javac/code/Type;Lcom/sun/tools/javac/code/Type;Lcom/sun/õ€Æp¢Á©@
Event: 3296.817 Thread 0x000000001a6a5800 Uncommon trap: reason=class_check action=maybe_recompile pc=0x0000000005644cf8 method=com.sun.tools.javac.comp.Check.checkType(Lcom/sun/tools/javac/util/JCDiagnostic$DiagnosticPosition;Lcom/sun/tools/javac/code/Type;Lcom/sun/tools/javac/code/Type;Lcom/sun/'Q!,Å©@
Event: 3298.586 Thread 0x000000001a6af800 Uncommon trap: reason=unstable_if action=reinterpret pc=0x0000000005b6a6ec method=com.android.dx.cf.code.BytecodeArray.parseInstruction(ILcom/android/dx/cf/code/BytecodeArray$Visitor;)I @ 1261

Internal exceptions (10 events):
Event: 2879.446 Thread 0x00000000209cb000 Exception <a 'sun/nio/fs/WindowsException'> (0x00000000e79ca0e8) thrown at [C:\src\android\AOSP-openjdk\external\jetbrains\jdk\hotspot\src\share\vm\prims\jni.cpp, line 709]
Event: 2879.454 Thread 0x00000000209cb000 Exception <a 'sun/nio/fs/WindowsException'> (0x00000000e79ca938) thrown at [C:\src\android\AOSP-openjdk\external\jetbrains\jdk\hotspot\src\share\vm\prims\jni.cpp, line 709]
Event: 2879.506 Thread 0x00000000209c7800 Exception <a 'sun/nio/fs/WindowsException'> (0x00000000ee878d58) thrown at [C:\src\android\AOSP-openjdk\external\jetbrains\jdk\hotspot\src\share\vm\prims\jni.cpp, line 709]
Event: 2879.510 Thread 0x00000000209c7800 Exception <a 'sun/nio/fs/WindowsException'> (0x00000000ee8795b8) thrown at [C:\src\android\AOSP-openjdk\external\jetbrains\jdk\hotspot\src\share\vm\prims\jni.cpp, line 709]
Event: 2881.395 Thread 0x00000000209c5000 Exception <a 'java/io/FileNotFoundException'> (0x00000000f1148788) thrown at [C:\src\android\AOSP-openjdk\external\jetbrains\jdk\hotspot\src\share\vm\prims\jni.cpp, line 709]
Event: 2881.443 Thread 0x00000000209c5000 Exception <a 'sun/nio/fs/WindowsException'> (0x00000000f172e178) thrown at [C:\src\android\AOSP-openjdk\external\jetbrains\jdk\hotspot\src\share\vm\prims\jni.cpp, line 709]
Event: 3294.584 Thread 0x000000001a6a5800 Exception <a 'java/lang/ClassNotFoundException': asLocalRepo375_1oyks6ujcbl6vgglq2zf2mohrBeanInfo> (0x00000000f24e9c00) thrown at [C:\src\android\AOSP-openjdk\external\jetbrains\jdk\hotspot\src\share\vm\classfile\systemDictionary.cpp, line 210]
Event: 3294.585 Thread 0x000000001a6a5800 Exception <a 'java/lang/ClassNotFoundException': asLocalRepo375_1oyks6ujcbl6vgglq2zf2mohrCustomizer> (0x00000000f24f4b60) thrown at [C:\src\android\AOSP-openjdk\external\jetbrains\jdk\hotspot\src\share\vm\classfile\systemDictionary.cpp, line 210]
Event: 3295.573 Thread 0x000000001a6a5800 Implicit null exception at 0x0000000003d755fa to 0x0000000003d76705
Event: 3296.098 Thread 0x000000001a6a5800 Implicit null exception at 0x00000000043d4a5c to 0x00000000043d4fb5

Events (10 events):
Event: 3298.586 Thread 0x000000001a6af800 DEOPT UNPACKING pc=0x0000000002af556a sp=0x000000003967e6c0 mode 2
Event: 3298.589 Thread 0x000000001a6a6000 DEOPT PACKING pc=0x0000000002d36bd1 sp=0x000000003947ec80
Event: 3298.589 Thread 0x000000001a6a6000 DEOPT UNPACKING pc=0x0000000002af71bf sp=0x000000003947e998 mode 0
Event: 3298.589 Thread 0x000000001a6a6000 DEOPT PACKING pc=0x0000000002d36bd1 sp=0x000000003947ec80
Event: 3298.589 Thread 0x000000001a6a6000 DEOPT UNPACKING pc=0x0000000002af71bf sp=0x000000003947e998 mode 0
Event: 3298.592 Thread 0x000000001a6a6000 DEOPT PACKING pc=0x0000000002d36bd1 sp=0x000000003947ec80
Event: 3298.592 Thread 0x000000001a6a6000 DEOPT UNPACKING pc=0x0000000002af71bf sp=0x000000003947e998 mode 0
Event: 3298.593 Thread 0x000000001a6b4800 DEOPT PACKING pc=0x00000000055aaca8 sp=0x000000003977eaa0
Event: 3298.593 Thread 0x000000001a6b4800 DEOPT UNPACKING pc=0x0000000002af71bf sp=0x000000003977e7e8 mode 0
Event: 3298.594 Executing VM operation: ParallelGCFailedAllocation


Dynamic libraries:
0x00007ff758490000 - 0x00007ff7584c1000 	D:\Program Files\Android\Android Studio\jre\bin\java.exe
0x00007ffc32840000 - 0x00007ffc32a11000 	C:\WINDOWS\SYSTEM32\ntdll.dll
0x00007ffc30ba0000 - 0x00007ffc30c4b000 	C:\WINDOWS\System32\KERNEL32.DLL
0x00007ffc2fbb0000 - 0x00007ffc2fdcd000 	C:\WINDOWS\System32\KERNELBASE.dll
0x00007ffc32580000 - 0x00007ffc32622000 	C:\WINDOWS\System32\ADVAPI32.dll
0x00007ffc30b00000 - 0x00007ffc30b9e000 	C:\WINDOWS\System32\msvcrt.dll
0x00007ffc32520000 - 0x00007ffc32579000 	C:\WINDOWS\System32\sechost.dll
0x00007ffc30200000 - 0x00007ffc30321000 	C:\WINDOWS\System32\RPCRT4.dll
0x00007ffc32630000 - 0x00007ffc32795000 	C:\WINDOWS\System32\USER32.dll
0x00007ffc2f700000 - 0x00007ffc2f71e000 	C:\WINDOWS\System32\win32u.dll
0x00007ffc32190000 - 0x00007ffc321c4000 	C:\WINDOWS\System32\GDI32.dll
0x00007ffc2ee90000 - 0x00007ffc2f012000 	C:\WINDOWS\System32\gdi32full.dll
0x00007ffc24ec0000 - 0x00007ffc2513a000 	C:\WINDOWS\WinSxS\amd64_microsoft.windows.common-controls_6595b64144ccf1df_6.0.14393.953_none_42151e83c686086b\COMCTL32.dll
0x00007ffc30770000 - 0x00007ffc30a38000 	C:\WINDOWS\System32\combase.dll
0x00007ffc2fa00000 - 0x00007ffc2faf5000 	C:\WINDOWS\System32\ucrtbase.dll
0x00007ffc2ed30000 - 0x00007ffc2ed9a000 	C:\WINDOWS\System32\bcryptPrimitives.dll
0x00007ffc306d0000 - 0x00007ffc306fe000 	C:\WINDOWS\System32\IMM32.DLL
0x0000000066310000 - 0x00000000663e2000 	D:\Program Files\Android\Android Studio\jre\jre\bin\msvcr100.dll
0x00000000663f0000 - 0x0000000066c2c000 	D:\Program Files\Android\Android Studio\jre\jre\bin\server\jvm.dll
0x00007ffc303f0000 - 0x00007ffc303f8000 	C:\WINDOWS\System32\PSAPI.DLL
0x00007ffc16d30000 - 0x00007ffc16d39000 	C:\WINDOWS\SYSTEM32\WSOCK32.dll
0x00007ffc2b0a0000 - 0x00007ffc2b0aa000 	C:\WINDOWS\SYSTEM32\VERSION.dll
0x00007ffc2d150000 - 0x00007ffc2d173000 	C:\WINDOWS\SYSTEM32\WINMM.dll
0x00007ffc30700000 - 0x00007ffc3076a000 	C:\WINDOWS\System32\WS2_32.dll
0x0000000001140000 - 0x000000000116b000 	C:\WINDOWS\SYSTEM32\WINMMBASE.dll
0x00007ffc2eda0000 - 0x00007ffc2ede2000 	C:\WINDOWS\System32\cfgmgr32.dll
0x00007ffc28cf0000 - 0x00007ffc28cff000 	D:\Program Files\Android\Android Studio\jre\jre\bin\verify.dll
0x00007ffc20020000 - 0x00007ffc20049000 	D:\Program Files\Android\Android Studio\jre\jre\bin\java.dll
0x00007ffc22990000 - 0x00007ffc229a6000 	D:\Program Files\Android\Android Studio\jre\jre\bin\zip.dll
0x00007ffc30c70000 - 0x00007ffc32179000 	C:\WINDOWS\System32\SHELL32.dll
0x00007ffc2f020000 - 0x00007ffc2f6fa000 	C:\WINDOWS\System32\windows.storage.dll
0x00007ffc2ecb0000 - 0x00007ffc2ecfc000 	C:\WINDOWS\System32\powrprof.dll
0x00007ffc30a40000 - 0x00007ffc30a92000 	C:\WINDOWS\System32\shlwapi.dll
0x00007ffc2ed20000 - 0x00007ffc2ed2f000 	C:\WINDOWS\System32\kernel.appcore.dll
0x00007ffc2f950000 - 0x00007ffc2f9f9000 	C:\WINDOWS\System32\shcore.dll
0x00007ffc2ed00000 - 0x00007ffc2ed14000 	C:\WINDOWS\System32\profapi.dll
0x00007ffc21670000 - 0x00007ffc2168a000 	D:\Program Files\Android\Android Studio\jre\jre\bin\net.dll
0x00007ffc2e5d0000 - 0x00007ffc2e62c000 	C:\WINDOWS\system32\mswsock.dll
0x00007ffc20000000 - 0x00007ffc20011000 	D:\Program Files\Android\Android Studio\jre\jre\bin\nio.dll
0x00007ffc2b130000 - 0x00007ffc2b14e000 	C:\Users\J\.gradle\native\23\windows-amd64\native-platform.dll
0x00007ffc2e770000 - 0x00007ffc2e787000 	C:\WINDOWS\SYSTEM32\CRYPTSP.dll
0x00007ffc2e1d0000 - 0x00007ffc2e203000 	C:\WINDOWS\system32\rsaenh.dll
0x00007ffc2e880000 - 0x00007ffc2e8ab000 	C:\WINDOWS\SYSTEM32\bcrypt.dll
0x00007ffc2e450000 - 0x00007ffc2e46f000 	C:\WINDOWS\SYSTEM32\USERENV.dll
0x00007ffc2e790000 - 0x00007ffc2e79b000 	C:\WINDOWS\SYSTEM32\CRYPTBASE.dll
0x00007ffc2e350000 - 0x00007ffc2e388000 	C:\WINDOWS\SYSTEM32\IPHLPAPI.DLL
0x00007ffc32180000 - 0x00007ffc32188000 	C:\WINDOWS\System32\NSI.dll
0x00007ffc29180000 - 0x00007ffc29196000 	C:\WINDOWS\SYSTEM32\dhcpcsvc6.DLL
0x00007ffc29160000 - 0x00007ffc2917a000 	C:\WINDOWS\SYSTEM32\dhcpcsvc.DLL
0x00007ffc28ce0000 - 0x00007ffc28ced000 	D:\Program Files\Android\Android Studio\jre\jre\bin\management.dll
0x00007ffc2e0a0000 - 0x00007ffc2e0d2000 	C:\WINDOWS\SYSTEM32\ntmarta.dll
0x00007ffc1cbd0000 - 0x00007ffc1cbf4000 	D:\Program Files\Android\Android Studio\jre\jre\bin\sunec.dll
0x00007ffc21480000 - 0x00007ffc2148b000 	D:\Program Files\Android\Android Studio\jre\jre\bin\sunmscapi.dll
0x00007ffc2f780000 - 0x00007ffc2f949000 	C:\WINDOWS\System32\CRYPT32.dll
0x00007ffc2eca0000 - 0x00007ffc2ecb0000 	C:\WINDOWS\System32\MSASN1.dll
0x00007ffc207e0000 - 0x00007ffc20972000 	C:\WINDOWS\SYSTEM32\dbghelp.dll

VM Arguments:
jvm_args: -Xmx1536m -Dfile.encoding=windows-1252 -Duser.country=GB -Duser.language=en -Duser.variant 
java_command: org.gradle.launcher.daemon.bootstrap.GradleDaemon 3.3
java_class_path (initial): C:\Users\J\.gradle\wrapper\dists\gradle-3.3-all\55gk2rcmfc6p2dg9u9ohc3hw9\gradle-3.3\lib\gradle-launcher-3.3.jar
Launcher Type: SUN_STANDARD

Environment Variables:
PATH=C:\ProgramData\Oracle\Java\javapath;C:\Program Files (x86)\Common Files\Intel\Shared Libraries\redist\intel64\compiler;C:\Python27\;C:\Python27\Scripts;C:\Windows\system32;C:\Windows;C:\Windows\System32\Wbem;C:\Windows\System32\WindowsPowerShell\v1.0\;C:\Python27;D:\Android\sdk\platform-tools;C:\Program Files (x86)\EaseUS\Todo Backup\bin;C:\Program Files (x86)\NVIDIA Corporation\PhysX\Common;C:\Program Files (x86)\QuickTime\QTSystem\;C:\WINDOWS\system32;C:\WINDOWS;C:\WINDOWS\System32\Wbem;C:\WINDOWS\System32\WindowsPowerShell\v1.0\;C:\Program Files (x86)\GtkSharp\2.12\bin;C:\Program Files (x86)\Google\Chrome\Application;C:\Windows\system32;C:\Windows;C:\Windows\System32\Wbem;C:\Windows\System32\WindowsPowerShell\v1.0\;C:\Program Files (x86)\NVIDIA Corporation\PhysX\Common;C:\Python27;D:\Android\sdk\platform-tools;C:\Users\J\AppData\Local\Microsoft\WindowsApps;C:\Users\J\AppData\Roaming\Dashlane\4.6.5.21982\bin\Firefox_Extension\{442718d9-475e-452a-b3e1-fb1ee16b8e9f}\components;C:\Users\J\AppData\Roaming\Dashlane\4.6.6.23032\bin\Firefox_Extension\{442718d9-475e-452a-b3e1-fb1ee16b8e9f}\components
USERNAME=J
OS=Windows_NT
PROCESSOR_IDENTIFIER=AMD64 Family 21 Model 2 Stepping 0, AuthenticAMD



---------------  S Y S T E M  ---------------

OS: Windows 10.0 , 64 bit Build 14393 (10.0.14393.0)

CPU:total 8 (8 cores per cpu, 1 threads per core) family 21 model 2 stepping 0, cmov, cx8, fxsr, mmx, sse, sse2, sse3, ssse3, sse4.1, sse4.2, popcnt, avx, aes, clmul, mmxext, 3dnowpref, lzcnt, sse4a, tsc, tscinvbit, tscinv, bmi1

Memory: 4k page, physical 33498440k(26580448k free), swap 38479176k(27276568k free)

vm_info: OpenJDK 64-Bit Server VM (25.112-b06) for windows-amd64 JRE (1.8.0_112-release-b06), built on Dec  8 2016 00:54:26 by "builder" with MS VC++ 10.0 (VS2010)

time: Sat Mar 18 18:42:44 2017
elapsed time: 3298 seconds (0d 0h 54m 58s)

